#
# There is insufficient memory for the Java Runtime Environment to continue.
# Native memory allocation (malloc) failed to allocate 32744 bytes for ChunkPool::allocate
# Possible reasons:
#   The system is out of physical RAM or swap space
#   The process is running with CompressedOops enabled, and the Java Heap may be blocking the growth of the native heap
# Possible solutions:
#   Reduce memory load on the system
#   Increase physical memory or swap space
#   Check if swap backing store is full
#   Decrease Java heap size (-Xmx/-Xms)
#   Decrease number of Java threads
#   Decrease Java thread stack sizes (-Xss)
#   Set larger code cache with -XX:ReservedCodeCacheSize=
#   JVM is running with Unscaled Compressed Oops mode in which the Java heap is
#     placed in the first 4GB address space. The Java Heap base address is the
#     maximum limit for the native heap growth. Please use -XX:HeapBaseMinAddress
#     to set the Java Heap base and to place the Java Heap above 4GB virtual address.
# This output file may be truncated or incomplete.
#
#  Out of Memory Error (allocation.cpp:272), pid=6904, tid=0x0000000000036138
#
# JRE version: OpenJDK Runtime Environment (8.0_212-b04) (build 1.8.0_212-release-1586-b04)
# Java VM: OpenJDK 64-Bit Server VM (25.212-b04 mixed mode windows-amd64 compressed oops)
# Failed to write core dump. Minidumps are not enabled by default on client versions of Windows
#

---------------  T H R E A D  ---------------

Current thread (0x0000000019d06800):  JavaThread "Daemon worker" [_thread_in_vm, id=221496, stack(0x000000001ae60000,0x000000001af60000)]

Stack: [0x000000001ae60000,0x000000001af60000]
[error occurred during error reporting (printing stack bounds), id 0xc0000005]

Native frames: (J=compiled Java code, j=interpreted, Vv=VM code, C=native code)

Java frames: (J=compiled Java code, j=interpreted, Vv=VM code)
J 762  java.lang.ClassLoader.defineClass1(Ljava/lang/String;[BIILjava/security/ProtectionDomain;Ljava/lang/String;)Ljava/lang/Class; (0 bytes) @ 0x0000000003366d9f [0x0000000003366d00+0x9f]
J 495 C1 java.lang.ClassLoader.defineClass(Ljava/lang/String;[BIILjava/security/ProtectionDomain;)Ljava/lang/Class; (43 bytes) @ 0x00000000032757a4 [0x00000000032751c0+0x5e4]
J 434 C1 java.net.URLClassLoader.defineClass(Ljava/lang/String;Lsun/misc/Resource;)Ljava/lang/Class; (142 bytes) @ 0x00000000032473e4 [0x0000000003245880+0x1b64]
J 324 C1 java.net.URLClassLoader$1.run()Ljava/lang/Class; (63 bytes) @ 0x00000000031fcbec [0x00000000031fc920+0x2cc]
J 323 C1 java.net.URLClassLoader$1.run()Ljava/lang/Object; (5 bytes) @ 0x00000000031fd30c [0x00000000031fd280+0x8c]
v  ~StubRoutines::call_stub
J 251  java.security.AccessController.doPrivileged(Ljava/security/PrivilegedExceptionAction;Ljava/security/AccessControlContext;)Ljava/lang/Object; (0 bytes) @ 0x00000000031d3d26 [0x00000000031d3cc0+0x66]
J 1417 C2 java.net.URLClassLoader.findClass(Ljava/lang/String;)Ljava/lang/Class; (47 bytes) @ 0x000000000352d2f0 [0x000000000352d260+0x90]
j  org.gradle.internal.classloader.TransformingClassLoader.findClass(Ljava/lang/String;)Ljava/lang/Class;+10
J 1352 C2 java.lang.ClassLoader.loadClass(Ljava/lang/String;Z)Ljava/lang/Class; (122 bytes) @ 0x00000000034f5984 [0x00000000034f4980+0x1004]
J 388 C1 java.lang.ClassLoader.loadClass(Ljava/lang/String;)Ljava/lang/Class; (7 bytes) @ 0x000000000321e58c [0x000000000321e480+0x10c]
v  ~StubRoutines::call_stub
j  java.lang.Class.getDeclaredMethods0(Z)[Ljava/lang/reflect/Method;+0
J 1255 C1 java.lang.Class.privateGetDeclaredMethods(Z)[Ljava/lang/reflect/Method; (67 bytes) @ 0x000000000349f49c [0x000000000349f180+0x31c]
j  java.lang.Class.getDeclaredMethods()[Ljava/lang/reflect/Method;+11
j  org.gradle.internal.service.RelevantMethodsBuilder.<init>(Ljava/lang/Class;)V+83
j  org.gradle.internal.service.RelevantMethods.buildRelevantMethods(Ljava/lang/Class;)Lorg/gradle/internal/service/RelevantMethods;+5
j  org.gradle.internal.service.RelevantMethods.getMethods(Ljava/lang/Class;)Lorg/gradle/internal/service/RelevantMethods;+18
j  org.gradle.internal.service.DefaultServiceRegistry.findProviderMethods(Ljava/lang/Object;)V+6
j  org.gradle.internal.service.DefaultServiceRegistry.addProvider(Ljava/lang/Object;)Lorg/gradle/internal/service/DefaultServiceRegistry;+6
j  org.gradle.internal.service.DefaultServiceRegistry$1.addProvider(Ljava/lang/Object;)V+5
j  org.gradle.api.internal.artifacts.DependencyServices.registerBuildServices(Lorg/gradle/internal/service/ServiceRegistration;)V+8
j  org.gradle.internal.service.scopes.BuildScopeServices$1.execute(Lorg/gradle/internal/service/ServiceRegistration;)V+38
j  org.gradle.internal.service.scopes.BuildScopeServices$1.execute(Ljava/lang/Object;)V+5
j  org.gradle.internal.service.DefaultServiceRegistry.register(Lorg/gradle/api/Action;)V+9
j  org.gradle.internal.service.scopes.BuildScopeServices.<init>(Lorg/gradle/internal/service/ServiceRegistry;)V+34
j  org.gradle.initialization.DefaultGradleLauncherFactory.doNewInstance(Lorg/gradle/api/internal/BuildDefinition;Lorg/gradle/internal/build/BuildState;Lorg/gradle/initialization/GradleLauncher;Lorg/gradle/internal/service/scopes/BuildTreeScopeServices;Ljava/util/List;)Lorg/gradle/initialization/DefaultGradleLauncher;+6
j  org.gradle.initialization.DefaultGradleLauncherFactory.newInstance(Lorg/gradle/api/internal/BuildDefinition;Lorg/gradle/internal/build/RootBuildState;Lorg/gradle/internal/service/scopes/BuildTreeScopeServices;)Lorg/gradle/initialization/GradleLauncher;+33
j  org.gradle.composite.internal.DefaultRootBuildState.<init>(Lorg/gradle/api/internal/BuildDefinition;Lorg/gradle/initialization/GradleLauncherFactory;Lorg/gradle/internal/event/ListenerManager;Lorg/gradle/internal/service/scopes/BuildTreeScopeServices;)V+15
j  org.gradle.composite.internal.DefaultIncludedBuildRegistry.createRootBuild(Lorg/gradle/api/internal/BuildDefinition;)Lorg/gradle/internal/build/RootBuildState;+35
j  org.gradle.launcher.exec.InProcessBuildActionExecuter.execute(Lorg/gradle/internal/invocation/BuildAction;Lorg/gradle/initialization/BuildRequestContext;Lorg/gradle/launcher/exec/BuildActionParameters;Lorg/gradle/internal/service/ServiceRegistry;)Lorg/gradle/launcher/exec/BuildActionResult;+61
j  org.gradle.launcher.exec.InProcessBuildActionExecuter.execute(Lorg/gradle/internal/invocation/BuildAction;Lorg/gradle/initialization/BuildRequestContext;Ljava/lang/Object;Lorg/gradle/internal/service/ServiceRegistry;)Lorg/gradle/launcher/exec/BuildActionResult;+9
j  org.gradle.launcher.exec.BuildTreeScopeBuildActionExecuter.execute(Lorg/gradle/internal/invocation/BuildAction;Lorg/gradle/initialization/BuildRequestContext;Lorg/gradle/launcher/exec/BuildActionParameters;Lorg/gradle/internal/service/ServiceRegistry;)Lorg/gradle/launcher/exec/BuildActionResult;+38
j  org.gradle.launcher.exec.BuildTreeScopeBuildActionExecuter.execute(Lorg/gradle/internal/invocation/BuildAction;Lorg/gradle/initialization/BuildRequestContext;Ljava/lang/Object;Lorg/gradle/internal/service/ServiceRegistry;)Lorg/gradle/launcher/exec/BuildActionResult;+9
j  org.gradle.tooling.internal.provider.ContinuousBuildActionExecuter.execute(Lorg/gradle/internal/invocation/BuildAction;Lorg/gradle/initialization/BuildRequestContext;Lorg/gradle/launcher/exec/BuildActionParameters;Lorg/gradle/internal/service/ServiceRegistry;)Lorg/gradle/launcher/exec/BuildActionResult;+58
j  org.gradle.tooling.internal.provider.ContinuousBuildActionExecuter.execute(Lorg/gradle/internal/invocation/BuildAction;Lorg/gradle/initialization/BuildRequestContext;Ljava/lang/Object;Lorg/gradle/internal/service/ServiceRegistry;)Lorg/gradle/launcher/exec/BuildActionResult;+9
j  org.gradle.tooling.internal.provider.SubscribableBuildActionExecuter.execute(Lorg/gradle/internal/invocation/BuildAction;Lorg/gradle/initialization/BuildRequestContext;Lorg/gradle/launcher/exec/BuildActionParameters;Lorg/gradle/internal/service/ServiceRegistry;)Lorg/gradle/launcher/exec/BuildActionResult;+45
j  org.gradle.tooling.internal.provider.SubscribableBuildActionExecuter.execute(Lorg/gradle/internal/invocation/BuildAction;Lorg/gradle/initialization/BuildRequestContext;Ljava/lang/Object;Lorg/gradle/internal/service/ServiceRegistry;)Lorg/gradle/launcher/exec/BuildActionResult;+9
j  org.gradle.tooling.internal.provider.SessionScopeBuildActionExecuter.execute(Lorg/gradle/internal/invocation/BuildAction;Lorg/gradle/initialization/BuildRequestContext;Lorg/gradle/launcher/exec/BuildActionParameters;Lorg/gradle/internal/service/ServiceRegistry;)Lorg/gradle/launcher/exec/BuildActionResult;+117
j  org.gradle.tooling.internal.provider.SessionScopeBuildActionExecuter.execute(Lorg/gradle/internal/invocation/BuildAction;Lorg/gradle/initialization/BuildRequestContext;Ljava/lang/Object;Lorg/gradle/internal/service/ServiceRegistry;)Lorg/gradle/launcher/exec/BuildActionResult;+9
j  org.gradle.tooling.internal.provider.GradleThreadBuildActionExecuter.execute(Lorg/gradle/internal/invocation/BuildAction;Lorg/gradle/initialization/BuildRequestContext;Lorg/gradle/launcher/exec/BuildActionParameters;Lorg/gradle/internal/service/ServiceRegistry;)Lorg/gradle/launcher/exec/BuildActionResult;+12
j  org.gradle.tooling.internal.provider.GradleThreadBuildActionExecuter.execute(Lorg/gradle/internal/invocation/BuildAction;Lorg/gradle/initialization/BuildRequestContext;Ljava/lang/Object;Lorg/gradle/internal/service/ServiceRegistry;)Lorg/gradle/launcher/exec/BuildActionResult;+9
j  org.gradle.tooling.internal.provider.ParallelismConfigurationBuildActionExecuter.execute(Lorg/gradle/internal/invocation/BuildAction;Lorg/gradle/initialization/BuildRequestContext;Lorg/gradle/launcher/exec/BuildActionParameters;Lorg/gradle/internal/service/ServiceRegistry;)Lorg/gradle/launcher/exec/BuildActionResult;+43
j  org.gradle.tooling.internal.provider.ParallelismConfigurationBuildActionExecuter.execute(Lorg/gradle/internal/invocation/BuildAction;Lorg/gradle/initialization/BuildRequestContext;Ljava/lang/Object;Lorg/gradle/internal/service/ServiceRegistry;)Lorg/gradle/launcher/exec/BuildActionResult;+9
j  org.gradle.tooling.internal.provider.StartParamsValidatingActionExecuter.execute(Lorg/gradle/internal/invocation/BuildAction;Lorg/gradle/initialization/BuildRequestContext;Lorg/gradle/launcher/exec/BuildActionParameters;Lorg/gradle/internal/service/ServiceRegistry;)Lorg/gradle/launcher/exec/BuildActionResult;+177
j  org.gradle.tooling.internal.provider.StartParamsValidatingActionExecuter.execute(Lorg/gradle/internal/invocation/BuildAction;Lorg/gradle/initialization/BuildRequestContext;Ljava/lang/Object;Lorg/gradle/internal/service/ServiceRegistry;)Lorg/gradle/launcher/exec/BuildActionResult;+9
j  org.gradle.tooling.internal.provider.SessionFailureReportingActionExecuter.execute(Lorg/gradle/internal/invocation/BuildAction;Lorg/gradle/initialization/BuildRequestContext;Lorg/gradle/launcher/exec/BuildActionParameters;Lorg/gradle/internal/service/ServiceRegistry;)Lorg/gradle/launcher/exec/BuildActionResult;+9
j  org.gradle.tooling.internal.provider.SessionFailureReportingActionExecuter.execute(Lorg/gradle/internal/invocation/BuildAction;Lorg/gradle/initialization/BuildRequestContext;Ljava/lang/Object;Lorg/gradle/internal/service/ServiceRegistry;)Lorg/gradle/launcher/exec/BuildActionResult;+9
j  org.gradle.tooling.internal.provider.SetupLoggingActionExecuter.execute(Lorg/gradle/internal/invocation/BuildAction;Lorg/gradle/initialization/BuildRequestContext;Lorg/gradle/launcher/exec/BuildActionParameters;Lorg/gradle/internal/service/ServiceRegistry;)Lorg/gradle/launcher/exec/BuildActionResult;+52
j  org.gradle.tooling.internal.provider.SetupLoggingActionExecuter.execute(Lorg/gradle/internal/invocation/BuildAction;Lorg/gradle/initialization/BuildRequestContext;Ljava/lang/Object;Lorg/gradle/internal/service/ServiceRegistry;)Lorg/gradle/launcher/exec/BuildActionResult;+9
j  org.gradle.launcher.daemon.server.exec.ExecuteBuild.doBuild(Lorg/gradle/launcher/daemon/server/api/DaemonCommandExecution;Lorg/gradle/launcher/daemon/protocol/Build;)V+118
j  org.gradle.launcher.daemon.server.exec.BuildCommandOnly.execute(Lorg/gradle/launcher/daemon/server/api/DaemonCommandExecution;)V+49
j  org.gradle.launcher.daemon.server.api.DaemonCommandExecution.proceed()Z+28
j  org.gradle.launcher.daemon.server.exec.WatchForDisconnection.execute(Lorg/gradle/launcher/daemon/server/api/DaemonCommandExecution;)V+19
j  org.gradle.launcher.daemon.server.api.DaemonCommandExecution.proceed()Z+28
j  org.gradle.launcher.daemon.server.exec.ResetDeprecationLogger.execute(Lorg/gradle/launcher/daemon/server/api/DaemonCommandExecution;)V+4
j  org.gradle.launcher.daemon.server.api.DaemonCommandExecution.proceed()Z+28
j  org.gradle.launcher.daemon.server.exec.RequestStopIfSingleUsedDaemon.execute(Lorg/gradle/launcher/daemon/server/api/DaemonCommandExecution;)V+33
j  org.gradle.launcher.daemon.server.api.DaemonCommandExecution.proceed()Z+28
j  org.gradle.launcher.daemon.server.exec.ForwardClientInput$2.call()Ljava/lang/Void;+4
j  org.gradle.launcher.daemon.server.exec.ForwardClientInput$2.call()Ljava/lang/Object;+1
j  org.gradle.util.Swapper.swap(Ljava/lang/Object;Ljava/util/concurrent/Callable;)Ljava/lang/Object;+21
j  org.gradle.launcher.daemon.server.exec.ForwardClientInput.execute(Lorg/gradle/launcher/daemon/server/api/DaemonCommandExecution;)V+63
j  org.gradle.launcher.daemon.server.api.DaemonCommandExecution.proceed()Z+28
j  org.gradle.launcher.daemon.server.exec.LogAndCheckHealth.execute(Lorg/gradle/launcher/daemon/server/api/DaemonCommandExecution;)V+28
j  org.gradle.launcher.daemon.server.api.DaemonCommandExecution.proceed()Z+28
j  org.gradle.launcher.daemon.server.exec.LogToClient.doBuild(Lorg/gradle/launcher/daemon/server/api/DaemonCommandExecution;Lorg/gradle/launcher/daemon/protocol/Build;)V+87
j  org.gradle.launcher.daemon.server.exec.BuildCommandOnly.execute(Lorg/gradle/launcher/daemon/server/api/DaemonCommandExecution;)V+49
j  org.gradle.launcher.daemon.server.api.DaemonCommandExecution.proceed()Z+28
j  org.gradle.launcher.daemon.server.exec.EstablishBuildEnvironment.doBuild(Lorg/gradle/launcher/daemon/server/api/DaemonCommandExecution;Lorg/gradle/launcher/daemon/protocol/Build;)V+355
j  org.gradle.launcher.daemon.server.exec.BuildCommandOnly.execute(Lorg/gradle/launcher/daemon/server/api/DaemonCommandExecution;)V+49
j  org.gradle.launcher.daemon.server.api.DaemonCommandExecution.proceed()Z+28
j  org.gradle.launcher.daemon.server.exec.StartBuildOrRespondWithBusy$1.run()V+44
j  org.gradle.launcher.daemon.server.DaemonStateCoordinator$1.run()V+4
j  org.gradle.internal.concurrent.ExecutorPolicy$CatchAndRecordFailures.onExecute(Ljava/lang/Runnable;)V+1
j  org.gradle.internal.concurrent.ManagedExecutorImpl$1.run()V+25
j  java.util.concurrent.ThreadPoolExecutor.runWorker(Ljava/util/concurrent/ThreadPoolExecutor$Worker;)V+95
j  java.util.concurrent.ThreadPoolExecutor$Worker.run()V+5
j  org.gradle.internal.concurrent.ThreadFactoryImpl$ManagedThreadRunnable.run()V+7
j  java.lang.Thread.run()V+11
v  ~StubRoutines::call_stub

---------------  P R O C E S S  ---------------

Java Threads: ( => current thread )
  0x0000000019b89000 JavaThread "Cache worker for journal cache (C:\Users\Ali\.gradle\caches\journal-1)" [_thread_blocked, id=222216, stack(0x000000001b460000,0x000000001b560000)]
  0x0000000019b8b800 JavaThread "File lock request listener" [_thread_in_native, id=119876, stack(0x000000001b360000,0x000000001b460000)]
  0x0000000019b83800 JavaThread "Cache worker for file hash cache (C:\Users\Ali\.gradle\caches\5.1.1\fileHashes)" [_thread_blocked, id=6636, stack(0x000000001b260000,0x000000001b360000)]
  0x0000000019ce5000 JavaThread "Thread-8" [_thread_blocked, id=222244, stack(0x000000001b160000,0x000000001b260000)]
  0x0000000019d2f000 JavaThread "Stdin handler" [_thread_blocked, id=208772, stack(0x000000001b060000,0x000000001b160000)]
  0x0000000019d2e000 JavaThread "Asynchronous log dispatcher for DefaultDaemonConnection: socket connection from /127.0.0.1:60507 to /127.0.0.1:60508" [_thread_blocked, id=220136, stack(0x000000001af60000,0x000000001b060000)]
=>0x0000000019d06800 JavaThread "Daemon worker" [_thread_in_vm, id=221496, stack(0x000000001ae60000,0x000000001af60000)]
  0x0000000019d05000 JavaThread "Cancel handler" [_thread_blocked, id=222468, stack(0x000000001ad60000,0x000000001ae60000)]
  0x00000000197f2000 JavaThread "Handler for socket connection from /127.0.0.1:60507 to /127.0.0.1:60508" [_thread_in_native, id=197116, stack(0x000000001aa60000,0x000000001ab60000)]
  0x00000000197f1800 JavaThread "Daemon" [_thread_blocked, id=4728, stack(0x000000001a960000,0x000000001aa60000)]
  0x00000000197d3800 JavaThread "Daemon periodic checks" [_thread_blocked, id=220460, stack(0x000000001a860000,0x000000001a960000)]
  0x0000000019b1e000 JavaThread "Incoming local TCP Connector on port 60507" [_thread_in_native, id=206216, stack(0x000000001a620000,0x000000001a720000)]
  0x00000000169bf000 JavaThread "Service Thread" daemon [_thread_blocked, id=221316, stack(0x0000000018710000,0x0000000018810000)]
  0x00000000169bd800 JavaThread "C1 CompilerThread2" daemon [_thread_blocked, id=204308, stack(0x0000000018210000,0x0000000018310000)]
  0x00000000169b7000 JavaThread "C2 CompilerThread1" daemon [_thread_in_native, id=222296, stack(0x0000000018110000,0x0000000018210000)]
  0x0000000016a05000 JavaThread "C2 CompilerThread0" daemon [_thread_in_native, id=221384, stack(0x0000000018010000,0x0000000018110000)]
  0x0000000016a03800 JavaThread "Attach Listener" daemon [_thread_blocked, id=222472, stack(0x0000000017f10000,0x0000000018010000)]
  0x00000000169a9000 JavaThread "Signal Dispatcher" daemon [_thread_blocked, id=11112, stack(0x0000000017e10000,0x0000000017f10000)]
  0x0000000002f4d800 JavaThread "Finalizer" daemon [_thread_blocked, id=12476, stack(0x0000000017c10000,0x0000000017d10000)]
  0x0000000016999800 JavaThread "Reference Handler" daemon [_thread_blocked, id=204912, stack(0x0000000017b10000,0x0000000017c10000)]
  0x000000000303d800 JavaThread "main" [_thread_blocked, id=107780, stack(0x0000000002d20000,0x0000000002e20000)]

Other Threads:
  0x0000000016975800 VMThread [stack: 0x0000000017a10000,0x0000000017b10000] [id=222540]
  0x00000000169c0000 WatcherThread [stack: 0x0000000018810000,0x0000000018910000] [id=197912]

VM state:not at safepoint (normal execution)

VM Mutex/Monitor currently owned by a thread: None

heap address: 0x00000000a0000000, size: 1536 MB, Compressed Oops mode: 32-bit
Narrow klass base: 0x0000000000000000, Narrow klass shift: 3
Compressed class space size: 1073741824 Address: 0x0000000100000000

Heap:
 PSYoungGen      total 57344K, used 21100K [0x00000000e0000000, 0x00000000e7000000, 0x0000000100000000)
  eden space 49152K, 27% used [0x00000000e0000000,0x00000000e0cfa240,0x00000000e3000000)
  from space 8192K, 95% used [0x00000000e3800000,0x00000000e3fa0ee0,0x00000000e4000000)
  to   space 8192K, 0% used [0x00000000e3000000,0x00000000e3000000,0x00000000e3800000)
 ParOldGen       total 131072K, used 16K [0x00000000a0000000, 0x00000000a8000000, 0x00000000e0000000)
  object space 131072K, 0% used [0x00000000a0000000,0x00000000a0004000,0x00000000a8000000)
 Metaspace       used 14374K, capacity 14750K, committed 14976K, reserved 1062912K
  class space    used 1997K, capacity 2127K, committed 2176K, reserved 1048576K

Card table byte_map: [0x0000000012400000,0x0000000012710000] byte_map_base: 0x0000000011f00000

Marking Bits: (ParMarkBitMap*) 0x0000000071ef9f30
 Begin Bits: [0x0000000012d10000, 0x0000000014510000)
 End Bits:   [0x0000000014510000, 0x0000000015d10000)

Polling page: 0x0000000001020000

CodeCache: size=245760Kb used=5041Kb max_used=5043Kb free=240718Kb
 bounds [0x0000000003040000, 0x0000000003540000, 0x0000000012040000]
 total_blobs=1805 nmethods=1425 adapters=293
 compilation: enabled

Compilation events (10 events):
Event: 3.082 Thread 0x00000000169bd800 1422       3       java.lang.invoke.MemberName::init (66 bytes)
Event: 3.083 Thread 0x00000000169bd800 nmethod 1422 0x000000000352f750 code [0x000000000352f8a0, 0x000000000352fa50]
Event: 3.083 Thread 0x00000000169bd800 1424       3       java.lang.invoke.LambdaForm$BasicType::basicTypeChar (8 bytes)
Event: 3.083 Thread 0x00000000169bd800 nmethod 1424 0x000000000352ed10 code [0x000000000352eea0, 0x000000000352f2a8]
Event: 3.084 Thread 0x00000000169bd800 1425       3       java.lang.invoke.MethodTypeForm::canonicalizeAll (66 bytes)
Event: 3.086 Thread 0x00000000169bd800 nmethod 1425 0x0000000003529d90 code [0x0000000003529f40, 0x000000000352a578]
Event: 3.086 Thread 0x00000000169bd800 1426       3       java.lang.invoke.MethodType::checkRtype (6 bytes)
Event: 3.086 Thread 0x00000000169bd800 nmethod 1426 0x000000000352e810 code [0x000000000352e980, 0x000000000352ec08]
Event: 3.086 Thread 0x00000000169bd800 1427       3       java.lang.invoke.MethodType$ConcurrentWeakInternSet$WeakEntry::<init> (15 bytes)
Event: 3.086 Thread 0x00000000169bd800 nmethod 1427 0x0000000003529690 code [0x0000000003529820, 0x0000000003529c08]

GC Heap History (4 events):
Event: 1.368 GC heap before
{Heap before GC invocations=1 (full 0):
 PSYoungGen      total 57344K, used 49152K [0x00000000e0000000, 0x00000000e4000000, 0x0000000100000000)
  eden space 49152K, 100% used [0x00000000e0000000,0x00000000e3000000,0x00000000e3000000)
  from space 8192K, 0% used [0x00000000e3800000,0x00000000e3800000,0x00000000e4000000)
  to   space 8192K, 0% used [0x00000000e3000000,0x00000000e3000000,0x00000000e3800000)
 ParOldGen       total 131072K, used 0K [0x00000000a0000000, 0x00000000a8000000, 0x00000000e0000000)
  object space 131072K, 0% used [0x00000000a0000000,0x00000000a0000000,0x00000000a8000000)
 Metaspace       used 6866K, capacity 7076K, committed 7424K, reserved 1056768K
  class space    used 832K, capacity 916K, committed 1024K, reserved 1048576K
Event: 1.382 GC heap after
Heap after GC invocations=1 (full 0):
 PSYoungGen      total 57344K, used 5256K [0x00000000e0000000, 0x00000000e4000000, 0x0000000100000000)
  eden space 49152K, 0% used [0x00000000e0000000,0x00000000e0000000,0x00000000e3000000)
  from space 8192K, 64% used [0x00000000e3000000,0x00000000e35223d8,0x00000000e3800000)
  to   space 8192K, 0% used [0x00000000e3800000,0x00000000e3800000,0x00000000e4000000)
 ParOldGen       total 131072K, used 8K [0x00000000a0000000, 0x00000000a8000000, 0x00000000e0000000)
  object space 131072K, 0% used [0x00000000a0000000,0x00000000a0002000,0x00000000a8000000)
 Metaspace       used 6866K, capacity 7076K, committed 7424K, reserved 1056768K
  class space    used 832K, capacity 916K, committed 1024K, reserved 1048576K
}
Event: 2.914 GC heap before
{Heap before GC invocations=2 (full 0):
 PSYoungGen      total 57344K, used 54408K [0x00000000e0000000, 0x00000000e4000000, 0x0000000100000000)
  eden space 49152K, 100% used [0x00000000e0000000,0x00000000e3000000,0x00000000e3000000)
  from space 8192K, 64% used [0x00000000e3000000,0x00000000e35223d8,0x00000000e3800000)
  to   space 8192K, 0% used [0x00000000e3800000,0x00000000e3800000,0x00000000e4000000)
 ParOldGen       total 131072K, used 8K [0x00000000a0000000, 0x00000000a8000000, 0x00000000e0000000)
  object space 131072K, 0% used [0x00000000a0000000,0x00000000a0002000,0x00000000a8000000)
 Metaspace       used 13336K, capacity 13596K, committed 13824K, reserved 1060864K
  class space    used 1811K, capacity 1934K, committed 2048K, reserved 1048576K
Event: 2.934 GC heap after
Heap after GC invocations=2 (full 0):
 PSYoungGen      total 57344K, used 7811K [0x00000000e0000000, 0x00000000e7000000, 0x0000000100000000)
  eden space 49152K, 0% used [0x00000000e0000000,0x00000000e0000000,0x00000000e3000000)
  from space 8192K, 95% used [0x00000000e3800000,0x00000000e3fa0ee0,0x00000000e4000000)
  to   space 8192K, 0% used [0x00000000e3000000,0x00000000e3000000,0x00000000e3800000)
 ParOldGen       total 131072K, used 16K [0x00000000a0000000, 0x00000000a8000000, 0x00000000e0000000)
  object space 131072K, 0% used [0x00000000a0000000,0x00000000a0004000,0x00000000a8000000)
 Metaspace       used 13336K, capacity 13596K, committed 13824K, reserved 1060864K
  class space    used 1811K, capacity 1934K, committed 2048K, reserved 1048576K
}

Deoptimization events (10 events):
Event: 1.986 Thread 0x000000000303d800 Uncommon trap: reason=unstable_if action=reinterpret pc=0x000000000339fbe0 method=java.io.WinNTFileSystem.normalize(Ljava/lang/String;II)Ljava/lang/String; @ 90
Event: 2.605 Thread 0x00000000197f2000 Uncommon trap: reason=unstable_if action=reinterpret pc=0x0000000003432770 method=java.util.concurrent.ConcurrentHashMap.putVal(Ljava/lang/Object;Ljava/lang/Object;Z)Ljava/lang/Object; @ 206
Event: 2.678 Thread 0x0000000019d06800 Uncommon trap: reason=bimorphic action=maybe_recompile pc=0x00000000032d51b8 method=java.util.HashMap.putVal(ILjava/lang/Object;Ljava/lang/Object;ZZ)Ljava/lang/Object; @ 253
Event: 2.678 Thread 0x0000000019d06800 Uncommon trap: reason=bimorphic action=maybe_recompile pc=0x00000000032d51b8 method=java.util.HashMap.putVal(ILjava/lang/Object;Ljava/lang/Object;ZZ)Ljava/lang/Object; @ 253
Event: 2.678 Thread 0x0000000019d06800 Uncommon trap: reason=bimorphic action=maybe_recompile pc=0x00000000032d51b8 method=java.util.HashMap.putVal(ILjava/lang/Object;Ljava/lang/Object;ZZ)Ljava/lang/Object; @ 253
Event: 2.678 Thread 0x0000000019d06800 Uncommon trap: reason=bimorphic action=maybe_recompile pc=0x00000000032d51b8 method=java.util.HashMap.putVal(ILjava/lang/Object;Ljava/lang/Object;ZZ)Ljava/lang/Object; @ 253
Event: 2.878 Thread 0x0000000019d06800 Uncommon trap: reason=class_check action=maybe_recompile pc=0x000000000330cd58 method=java.util.regex.Matcher.match(II)Z @ 86
Event: 2.892 Thread 0x0000000019d06800 Uncommon trap: reason=class_check action=maybe_recompile pc=0x000000000330cd58 method=java.util.regex.Matcher.match(II)Z @ 86
Event: 2.893 Thread 0x0000000019d06800 Uncommon trap: reason=class_check action=maybe_recompile pc=0x000000000330cd58 method=java.util.regex.Matcher.match(II)Z @ 86
Event: 2.893 Thread 0x0000000019d06800 Uncommon trap: reason=class_check action=maybe_recompile pc=0x00000000032d0760 method=java.util.regex.Matcher.match(II)Z @ 86

Classes redefined (0 events):
No events

Internal exceptions (10 events):
Event: 2.607 Thread 0x00000000197f2000 Exception <a 'java/lang/NoSuchMethodError': <clinit>> (0x00000000e1b48cd0) thrown at [D:\src\AOSP-openjdk-cygwin\jdk8u\hotspot\src\share\vm\prims\jni.cpp, line 1614]
Event: 2.609 Thread 0x00000000197f2000 Exception <a 'java/lang/NoSuchMethodError': <clinit>> (0x00000000e1b5dbb0) thrown at [D:\src\AOSP-openjdk-cygwin\jdk8u\hotspot\src\share\vm\prims\jni.cpp, line 1614]
Event: 2.614 Thread 0x00000000197f2000 Exception <a 'java/lang/NoSuchMethodError': <clinit>> (0x00000000e1b70c70) thrown at [D:\src\AOSP-openjdk-cygwin\jdk8u\hotspot\src\share\vm\prims\jni.cpp, line 1614]
Event: 2.617 Thread 0x00000000197f2000 Exception <a 'java/lang/NoSuchMethodError': <clinit>> (0x00000000e1b98070) thrown at [D:\src\AOSP-openjdk-cygwin\jdk8u\hotspot\src\share\vm\prims\jni.cpp, line 1614]
Event: 2.619 Thread 0x00000000197f2000 Exception <a 'java/lang/NoSuchMethodError': <clinit>> (0x00000000e1bb0090) thrown at [D:\src\AOSP-openjdk-cygwin\jdk8u\hotspot\src\share\vm\prims\jni.cpp, line 1614]
Event: 2.620 Thread 0x00000000197f2000 Exception <a 'java/lang/NoSuchMethodError': <clinit>> (0x00000000e1bb8d20) thrown at [D:\src\AOSP-openjdk-cygwin\jdk8u\hotspot\src\share\vm\prims\jni.cpp, line 1614]
Event: 2.622 Thread 0x00000000197f2000 Exception <a 'java/lang/NoSuchMethodError': <clinit>> (0x00000000e1bcf308) thrown at [D:\src\AOSP-openjdk-cygwin\jdk8u\hotspot\src\share\vm\prims\jni.cpp, line 1614]
Event: 2.635 Thread 0x00000000197f2000 Exception <a 'java/lang/NoSuchMethodError': <clinit>> (0x00000000e1c37e38) thrown at [D:\src\AOSP-openjdk-cygwin\jdk8u\hotspot\src\share\vm\prims\jni.cpp, line 1614]
Event: 2.643 Thread 0x00000000197f2000 Exception <a 'java/lang/NoSuchMethodError': <clinit>> (0x00000000e1c64940) thrown at [D:\src\AOSP-openjdk-cygwin\jdk8u\hotspot\src\share\vm\prims\jni.cpp, line 1614]
Event: 2.647 Thread 0x00000000197f2000 Exception <a 'java/lang/NoSuchMethodError': <clinit>> (0x00000000e1c82170) thrown at [D:\src\AOSP-openjdk-cygwin\jdk8u\hotspot\src\share\vm\prims\jni.cpp, line 1614]

Events (10 events):
Event: 3.121 loading class org/gradle/api/internal/artifacts/ivyservice/ivyresolve/ResolveIvyFactory
Event: 3.121 loading class org/gradle/api/internal/artifacts/ivyservice/ivyresolve/ResolveIvyFactory done
Event: 3.122 loading class org/gradle/api/internal/artifacts/ivyservice/resolveengine/excludes/ModuleExclusions
Event: 3.122 loading class org/gradle/api/internal/artifacts/ivyservice/resolveengine/excludes/ModuleExclusions done
Event: 3.123 loading class org/gradle/internal/resolve/caching/ComponentMetadataSupplierRuleExecutor
Event: 3.123 loading class org/gradle/internal/resolve/caching/ComponentMetadataSupplierRuleExecutor done
Event: 3.124 loading class org/gradle/internal/resolve/caching/CrossBuildCachingRuleExecutor
Event: 3.124 loading class org/gradle/internal/resolve/caching/CrossBuildCachingRuleExecutor done
Event: 3.126 loading class org/gradle/internal/resolve/caching/CachingRuleExecutor
Event: 3.126 loading class org/gradle/internal/resolve/caching/CachingRuleExecutor done


Dynamic libraries:
0x00007ff615e60000 - 0x00007ff615e91000 	C:\Program Files\Android\Android Studio\jre\bin\java.exe
0x00007ffec66a0000 - 0x00007ffec6890000 	C:\WINDOWS\SYSTEM32\ntdll.dll
0x00007ffec4c80000 - 0x00007ffec4d32000 	C:\WINDOWS\System32\KERNEL32.DLL
0x00007ffec4440000 - 0x00007ffec46e3000 	C:\WINDOWS\System32\KERNELBASE.dll
0x00007ffec5790000 - 0x00007ffec5833000 	C:\WINDOWS\System32\ADVAPI32.dll
0x00007ffec58f0000 - 0x00007ffec598e000 	C:\WINDOWS\System32\msvcrt.dll
0x00007ffec4750000 - 0x00007ffec47e7000 	C:\WINDOWS\System32\sechost.dll
0x00007ffec5610000 - 0x00007ffec5730000 	C:\WINDOWS\System32\RPCRT4.dll
0x00007ffec5c60000 - 0x00007ffec5df4000 	C:\WINDOWS\System32\USER32.dll
0x00007ffec36d0000 - 0x00007ffec36f1000 	C:\WINDOWS\System32\win32u.dll
0x00007ffec5e00000 - 0x00007ffec5e26000 	C:\WINDOWS\System32\GDI32.dll
0x00007ffec42a0000 - 0x00007ffec4434000 	C:\WINDOWS\System32\gdi32full.dll
0x00007ffec3630000 - 0x00007ffec36ce000 	C:\WINDOWS\System32\msvcp_win.dll
0x00007ffec38c0000 - 0x00007ffec39ba000 	C:\WINDOWS\System32\ucrtbase.dll
0x00007ffeb3ac0000 - 0x00007ffeb3d45000 	C:\WINDOWS\WinSxS\amd64_microsoft.windows.common-controls_6595b64144ccf1df_6.0.18362.778_none_e6c6b761130d4fb8\COMCTL32.dll
0x00007ffec47f0000 - 0x00007ffec4b26000 	C:\WINDOWS\System32\combase.dll
0x00007ffec4220000 - 0x00007ffec42a0000 	C:\WINDOWS\System32\bcryptPrimitives.dll
0x00007ffec5840000 - 0x00007ffec586e000 	C:\WINDOWS\System32\IMM32.DLL
0x00000000712d0000 - 0x00000000713a2000 	C:\Program Files\Android\Android Studio\jre\jre\bin\msvcr100.dll
0x0000000071730000 - 0x0000000071f76000 	C:\Program Files\Android\Android Studio\jre\jre\bin\server\jvm.dll
0x00007ffec5600000 - 0x00007ffec5608000 	C:\WINDOWS\System32\PSAPI.DLL
0x00007ffebdfe0000 - 0x00007ffebe004000 	C:\WINDOWS\SYSTEM32\WINMM.dll
0x00007ffec0060000 - 0x00007ffec0069000 	C:\WINDOWS\SYSTEM32\WSOCK32.dll
0x00007ffeb74d0000 - 0x00007ffeb74da000 	C:\WINDOWS\SYSTEM32\VERSION.dll
0x00007ffec5990000 - 0x00007ffec59ff000 	C:\WINDOWS\System32\WS2_32.dll
0x00007ffebdf50000 - 0x00007ffebdf7d000 	C:\WINDOWS\SYSTEM32\WINMMBASE.dll
0x00007ffec3720000 - 0x00007ffec376a000 	C:\WINDOWS\System32\cfgmgr32.dll
0x00007ffec0310000 - 0x00007ffec031f000 	C:\Program Files\Android\Android Studio\jre\jre\bin\verify.dll
0x00007ffec0280000 - 0x00007ffec02a9000 	C:\Program Files\Android\Android Studio\jre\jre\bin\java.dll
0x00007ffec0260000 - 0x00007ffec0276000 	C:\Program Files\Android\Android Studio\jre\jre\bin\zip.dll
0x00007ffec5e30000 - 0x00007ffec6515000 	C:\WINDOWS\System32\SHELL32.dll
0x00007ffec5bb0000 - 0x00007ffec5c59000 	C:\WINDOWS\System32\shcore.dll
0x00007ffec3aa0000 - 0x00007ffec4220000 	C:\WINDOWS\System32\windows.storage.dll
0x00007ffec3600000 - 0x00007ffec3623000 	C:\WINDOWS\System32\profapi.dll
0x00007ffec3570000 - 0x00007ffec35ba000 	C:\WINDOWS\System32\powrprof.dll
0x00007ffec3560000 - 0x00007ffec3570000 	C:\WINDOWS\System32\UMPDC.dll
0x00007ffec4d40000 - 0x00007ffec4d92000 	C:\WINDOWS\System32\shlwapi.dll
0x00007ffec35e0000 - 0x00007ffec35f1000 	C:\WINDOWS\System32\kernel.appcore.dll
0x00007ffec3700000 - 0x00007ffec3717000 	C:\WINDOWS\System32\cryptsp.dll
0x00007ffec0220000 - 0x00007ffec023a000 	C:\Program Files\Android\Android Studio\jre\jre\bin\net.dll
0x00007ffeb4b60000 - 0x00007ffeb4d35000 	C:\WINDOWS\SYSTEM32\urlmon.dll
0x00007ffeb50b0000 - 0x00007ffeb5356000 	C:\WINDOWS\SYSTEM32\iertutil.dll
0x00007ffec2fa0000 - 0x00007ffec2fac000 	C:\WINDOWS\SYSTEM32\CRYPTBASE.DLL
0x00007ffec2dd0000 - 0x00007ffec2e37000 	C:\WINDOWS\system32\mswsock.dll
0x00007ffebff80000 - 0x00007ffebff93000 	C:\Program Files\Android\Android Studio\jre\jre\bin\nio.dll
0x00007ffeb64d0000 - 0x00007ffeb64ee000 	C:\Users\Ali\.gradle\native\25\windows-amd64\native-platform.dll
0x00007ffec0300000 - 0x00007ffec030d000 	C:\Program Files\Android\Android Studio\jre\jre\bin\management.dll
0x00007ffec2940000 - 0x00007ffec2973000 	C:\WINDOWS\system32\rsaenh.dll
0x00007ffec3a70000 - 0x00007ffec3a96000 	C:\WINDOWS\System32\bcrypt.dll
0x00007ffec3450000 - 0x00007ffec3475000 	C:\WINDOWS\SYSTEM32\USERENV.dll
0x00007ffec2ae0000 - 0x00007ffec2b1a000 	C:\WINDOWS\SYSTEM32\IPHLPAPI.DLL
0x00007ffec5440000 - 0x00007ffec5448000 	C:\WINDOWS\System32\NSI.dll
0x00007ffeb94f0000 - 0x00007ffeb9506000 	C:\WINDOWS\SYSTEM32\dhcpcsvc6.DLL
0x00007ffebb1f0000 - 0x00007ffebb20c000 	C:\WINDOWS\SYSTEM32\dhcpcsvc.DLL
0x00007ffec2b20000 - 0x00007ffec2bea000 	C:\WINDOWS\SYSTEM32\DNSAPI.dll

VM Arguments:
jvm_args: -Xmx1536m -Dfile.encoding=windows-1256 -Duser.country=US -Duser.language=en -Duser.variant 
java_command: org.gradle.launcher.daemon.bootstrap.GradleDaemon 5.1.1
java_class_path (initial): C:\Users\Ali\.gradle\wrapper\dists\gradle-5.1.1-all\97z1ksx6lirer3kbvdnh7jtjg\gradle-5.1.1\lib\gradle-launcher-5.1.1.jar
Launcher Type: SUN_STANDARD

Environment Variables:
PATH=C:\WINDOWS\system32;C:\WINDOWS;C:\WINDOWS\System32\Wbem;C:\WINDOWS\System32\WindowsPowerShell\v1.0\;C:\WINDOWS\System32\OpenSSH\;C:\Program Files\Git\cmd;C:\Program Files\nodejs\;C:\Users\Ali\AppData\Local\Microsoft\WindowsApps;C:\Users\Ali\AppData\Roaming\npm;C:\Users\Ali\AppData\Local\GitHubDesktop\bin
USERNAME=Ali
OS=Windows_NT
PROCESSOR_IDENTIFIER=Intel64 Family 6 Model 60 Stepping 3, GenuineIntel



---------------  S Y S T E M  ---------------

OS: Windows 10.0 , 64 bit Build 18362 (10.0.18362.778)

CPU:total 4 (initial active 4) (2 cores per cpu, 2 threads per core) family 6 model 60 stepping 3, cmov, cx8, fxsr, mmx, sse, sse2, sse3, ssse3, sse4.1, sse4.2, popcnt, avx, avx2, clmul, erms, lzcnt, ht, tsc, tscinvbit, bmi1, bmi2

Memory: 4k page, physical 12493080k(384144k free), swap 25058708k(5132k free)

vm_info: OpenJDK 64-Bit Server VM (25.212-b04) for windows-amd64 JRE (1.8.0_212-release-1586-b04), built by "builder" with MS VC++ 10.0 (VS2010)

time: Sun May 31 15:04:05 2020
timezone: Iran Daylight Time
elapsed time: 3 seconds (0d 0h 0m 3s)

