#
# There is insufficient memory for the Java Runtime Environment to continue.
# Native memory allocation (malloc) failed to allocate 1559696 bytes for Chunk::new
# Possible reasons:
#   The system is out of physical RAM or swap space
#   The process is running with CompressedOops enabled, and the Java Heap may be blocking the growth of the native heap
# Possible solutions:
#   Reduce memory load on the system
#   Increase physical memory or swap space
#   Check if swap backing store is full
#   Decrease Java heap size (-Xmx/-Xms)
#   Decrease number of Java threads
#   Decrease Java thread stack sizes (-Xss)
#   Set larger code cache with -XX:ReservedCodeCacheSize=
#   JVM is running with Unscaled Compressed Oops mode in which the Java heap is
#     placed in the first 4GB address space. The Java Heap base address is the
#     maximum limit for the native heap growth. Please use -XX:HeapBaseMinAddress
#     to set the Java Heap base and to place the Java Heap above 4GB virtual address.
# This output file may be truncated or incomplete.
#
#  Out of Memory Error (allocation.cpp:389), pid=223188, tid=0x000000000002768c
#
# JRE version: OpenJDK Runtime Environment (8.0_212-b04) (build 1.8.0_212-release-1586-b04)
# Java VM: OpenJDK 64-Bit Server VM (25.212-b04 mixed mode windows-amd64 compressed oops)
# Failed to write core dump. Minidumps are not enabled by default on client versions of Windows
#

---------------  T H R E A D  ---------------

Current thread (0x00000000162c5800):  JavaThread "C2 CompilerThread0" daemon [_thread_in_native, id=161420, stack(0x0000000017920000,0x0000000017a20000)]

Stack: [0x0000000017920000,0x0000000017a20000]
[error occurred during error reporting (printing stack bounds), id 0xc0000005]

Native frames: (J=compiled Java code, j=interpreted, Vv=VM code, C=native code)


Current CompileTask:
C2:   8534 2977       4       groovy.lang.MetaClassImpl$1MOPIter::methodNameAction (325 bytes)


---------------  P R O C E S S  ---------------

Java Threads: ( => current thread )
  0x000000001bc3b800 JavaThread "Cache worker for execution history cache (C:\Users\Ali\.gradle\caches\5.1.1\executionHistory)" [_thread_blocked, id=218680, stack(0x0000000020ce0000,0x0000000020de0000)]
  0x0000000016313000 JavaThread "Cache worker for journal cache (C:\Users\Ali\.gradle\caches\journal-1)" [_thread_blocked, id=207516, stack(0x000000001ad70000,0x000000001ae70000)]
  0x0000000016319000 JavaThread "File lock request listener" [_thread_in_native, id=204780, stack(0x000000001ac70000,0x000000001ad70000)]
  0x000000001972f800 JavaThread "Cache worker for file hash cache (C:\Users\Ali\.gradle\caches\5.1.1\fileHashes)" [_thread_blocked, id=222408, stack(0x000000001ab70000,0x000000001ac70000)]
  0x00000000196a8000 JavaThread "Asynchronous log dispatcher for DefaultDaemonConnection: socket connection from /127.0.0.1:60528 to /127.0.0.1:60529" [_thread_blocked, id=221696, stack(0x000000001a870000,0x000000001a970000)]
  0x000000001934f000 JavaThread "Daemon worker" [_thread_in_vm, id=210688, stack(0x000000001a770000,0x000000001a870000)]
  0x000000001934e800 JavaThread "Cancel handler" [_thread_blocked, id=223124, stack(0x000000001a670000,0x000000001a770000)]
  0x000000001935b000 JavaThread "Handler for socket connection from /127.0.0.1:60528 to /127.0.0.1:60529" [_thread_in_native, id=220668, stack(0x000000001a370000,0x000000001a470000)]
  0x000000001935a800 JavaThread "Daemon" [_thread_blocked, id=204144, stack(0x000000001a270000,0x000000001a370000)]
  0x0000000019358800 JavaThread "Daemon periodic checks" [_thread_blocked, id=221072, stack(0x000000001a170000,0x000000001a270000)]
  0x00000000192ad800 JavaThread "Incoming local TCP Connector on port 60528" [_thread_in_native, id=222096, stack(0x0000000019f30000,0x000000001a030000)]
  0x0000000017aa3000 JavaThread "Service Thread" daemon [_thread_blocked, id=147536, stack(0x0000000018020000,0x0000000018120000)]
  0x0000000016318800 JavaThread "C1 CompilerThread2" daemon [_thread_blocked, id=120160, stack(0x0000000017f20000,0x0000000018020000)]
  0x0000000016317000 JavaThread "C2 CompilerThread1" daemon [_thread_blocked, id=206712, stack(0x0000000017e20000,0x0000000017f20000)]
=>0x00000000162c5800 JavaThread "C2 CompilerThread0" daemon [_thread_in_native, id=161420, stack(0x0000000017920000,0x0000000017a20000)]
  0x00000000162c3000 JavaThread "Attach Listener" daemon [_thread_blocked, id=205508, stack(0x0000000017820000,0x0000000017920000)]
  0x0000000016311800 JavaThread "Signal Dispatcher" daemon [_thread_blocked, id=218876, stack(0x0000000017720000,0x0000000017820000)]
  0x000000000294b000 JavaThread "Finalizer" daemon [_thread_blocked, id=205768, stack(0x0000000017520000,0x0000000017620000)]
  0x00000000162a9000 JavaThread "Reference Handler" daemon [_thread_blocked, id=220272, stack(0x0000000017420000,0x0000000017520000)]
  0x000000000267d800 JavaThread "main" [_thread_blocked, id=200196, stack(0x0000000002750000,0x0000000002850000)]

Other Threads:
  0x0000000016286800 VMThread [stack: 0x0000000017320000,0x0000000017420000] [id=139312]
  0x00000000162ce000 WatcherThread [stack: 0x0000000018120000,0x0000000018220000] [id=221360]

VM state:not at safepoint (normal execution)

VM Mutex/Monitor currently owned by a thread: None

OutOfMemory and StackOverflow Exception counts:
OutOfMemoryError java_heap_errors=5

heap address: 0x00000000a0000000, size: 1536 MB, Compressed Oops mode: 32-bit
Narrow klass base: 0x0000000000000000, Narrow klass shift: 3
Compressed class space size: 1073741824 Address: 0x0000000100000000

Heap:
 PSYoungGen      total 84992K, used 74119K [0x00000000e0000000, 0x00000000e5e00000, 0x0000000100000000)
  eden space 73728K, 91% used [0x00000000e0000000,0x00000000e420d1d8,0x00000000e4800000)
  from space 11264K, 57% used [0x00000000e5300000,0x00000000e5954cf0,0x00000000e5e00000)
  to   space 11264K, 0% used [0x00000000e4800000,0x00000000e4800000,0x00000000e5300000)
 ParOldGen       total 83968K, used 9052K [0x00000000a0000000, 0x00000000a5200000, 0x00000000e0000000)
  object space 83968K, 10% used [0x00000000a0000000,0x00000000a08d73b0,0x00000000a5200000)
 Metaspace       used 33488K, capacity 34004K, committed 34304K, reserved 1079296K
  class space    used 4600K, capacity 4787K, committed 4864K, reserved 1048576K

Card table byte_map: [0x0000000011d10000,0x0000000012020000] byte_map_base: 0x0000000011810000

Marking Bits: (ParMarkBitMap*) 0x0000000071ef9f30
 Begin Bits: [0x0000000012620000, 0x0000000013e20000)
 End Bits:   [0x0000000013e20000, 0x0000000015620000)

Polling page: 0x00000000005f0000

CodeCache: size=245760Kb used=10099Kb max_used=10509Kb free=235660Kb
 bounds [0x0000000002950000, 0x00000000033a0000, 0x0000000011950000]
 total_blobs=3552 nmethods=2863 adapters=601
 compilation: enabled

Compilation events (10 events):
Event: 8.377 Thread 0x0000000016318800 nmethod 3089 0x0000000002aa2090 code [0x0000000002aa21e0, 0x0000000002aa22f0]
Event: 8.378 Thread 0x0000000016318800 3090       3       org.gradle.internal.logging.sink.OutputEventListenerManager$1::onOutput (33 bytes)
Event: 8.378 Thread 0x0000000016318800 nmethod 3090 0x0000000002acb690 code [0x0000000002acb820, 0x0000000002acbb78]
Event: 8.386 Thread 0x0000000016317000 nmethod 3087 0x0000000002aef990 code [0x0000000002aefb20, 0x0000000002af0158]
Event: 8.386 Thread 0x0000000016317000 3088       4       java.lang.ThreadLocal$ThreadLocalMap::getEntry (42 bytes)
Event: 8.390 Thread 0x0000000016317000 nmethod 3088 0x0000000002b33610 code [0x0000000002b33760, 0x0000000002b338f8]
Event: 8.403 Thread 0x0000000016318800 3091       3       java.util.HashMap::remove (26 bytes)
Event: 8.404 Thread 0x0000000016318800 nmethod 3091 0x0000000002a95590 code [0x0000000002a95720, 0x0000000002a95b38]
Event: 8.424 Thread 0x0000000016318800 3092   !   3       java.io.PrintStream::write (83 bytes)
Event: 8.425 Thread 0x0000000016318800 nmethod 3092 0x0000000002da1c90 code [0x0000000002da1ec0, 0x0000000002da2aa8]

GC Heap History (10 events):
Event: 3.897 GC heap before
{Heap before GC invocations=3 (full 0):
 PSYoungGen      total 57344K, used 56864K [0x00000000e0000000, 0x00000000e4000000, 0x0000000100000000)
  eden space 49152K, 100% used [0x00000000e0000000,0x00000000e3000000,0x00000000e3000000)
  from space 8192K, 94% used [0x00000000e3800000,0x00000000e3f88258,0x00000000e4000000)
  to   space 8192K, 0% used [0x00000000e3000000,0x00000000e3000000,0x00000000e3800000)
 ParOldGen       total 131072K, used 16K [0x00000000a0000000, 0x00000000a8000000, 0x00000000e0000000)
  object space 131072K, 0% used [0x00000000a0000000,0x00000000a0004000,0x00000000a8000000)
 Metaspace       used 17303K, capacity 17654K, committed 17792K, reserved 1064960K
  class space    used 2493K, capacity 2639K, committed 2688K, reserved 1048576K
Event: 3.917 GC heap after
Heap after GC invocations=3 (full 0):
 PSYoungGen      total 57344K, used 8180K [0x00000000e0000000, 0x00000000e4000000, 0x0000000100000000)
  eden space 49152K, 0% used [0x00000000e0000000,0x00000000e0000000,0x00000000e3000000)
  from space 8192K, 99% used [0x00000000e3000000,0x00000000e37fd0b0,0x00000000e3800000)
  to   space 8192K, 0% used [0x00000000e3800000,0x00000000e3800000,0x00000000e4000000)
 ParOldGen       total 131072K, used 1647K [0x00000000a0000000, 0x00000000a8000000, 0x00000000e0000000)
  object space 131072K, 1% used [0x00000000a0000000,0x00000000a019bd50,0x00000000a8000000)
 Metaspace       used 17303K, capacity 17654K, committed 17792K, reserved 1064960K
  class space    used 2493K, capacity 2639K, committed 2688K, reserved 1048576K
}
Event: 4.324 GC heap before
{Heap before GC invocations=4 (full 0):
 PSYoungGen      total 57344K, used 31021K [0x00000000e0000000, 0x00000000e4000000, 0x0000000100000000)
  eden space 49152K, 46% used [0x00000000e0000000,0x00000000e164e378,0x00000000e3000000)
  from space 8192K, 99% used [0x00000000e3000000,0x00000000e37fd0b0,0x00000000e3800000)
  to   space 8192K, 0% used [0x00000000e3800000,0x00000000e3800000,0x00000000e4000000)
 ParOldGen       total 131072K, used 1647K [0x00000000a0000000, 0x00000000a8000000, 0x00000000e0000000)
  object space 131072K, 1% used [0x00000000a0000000,0x00000000a019bd50,0x00000000a8000000)
 Metaspace       used 20719K, capacity 21026K, committed 21248K, reserved 1067008K
  class space    used 2844K, capacity 2993K, committed 3072K, reserved 1048576K
Event: 4.337 GC heap after
Heap after GC invocations=4 (full 0):
 PSYoungGen      total 57344K, used 8188K [0x00000000e0000000, 0x00000000e4000000, 0x0000000100000000)
  eden space 49152K, 0% used [0x00000000e0000000,0x00000000e0000000,0x00000000e3000000)
  from space 8192K, 99% used [0x00000000e3800000,0x00000000e3fff328,0x00000000e4000000)
  to   space 8192K, 0% used [0x00000000e3000000,0x00000000e3000000,0x00000000e3800000)
 ParOldGen       total 131072K, used 2706K [0x00000000a0000000, 0x00000000a8000000, 0x00000000e0000000)
  object space 131072K, 2% used [0x00000000a0000000,0x00000000a02a4990,0x00000000a8000000)
 Metaspace       used 20719K, capacity 21026K, committed 21248K, reserved 1067008K
  class space    used 2844K, capacity 2993K, committed 3072K, reserved 1048576K
}
Event: 4.337 GC heap before
{Heap before GC invocations=5 (full 1):
 PSYoungGen      total 57344K, used 8188K [0x00000000e0000000, 0x00000000e4000000, 0x0000000100000000)
  eden space 49152K, 0% used [0x00000000e0000000,0x00000000e0000000,0x00000000e3000000)
  from space 8192K, 99% used [0x00000000e3800000,0x00000000e3fff328,0x00000000e4000000)
  to   space 8192K, 0% used [0x00000000e3000000,0x00000000e3000000,0x00000000e3800000)
 ParOldGen       total 131072K, used 2706K [0x00000000a0000000, 0x00000000a8000000, 0x00000000e0000000)
  object space 131072K, 2% used [0x00000000a0000000,0x00000000a02a4990,0x00000000a8000000)
 Metaspace       used 20719K, capacity 21026K, committed 21248K, reserved 1067008K
  class space    used 2844K, capacity 2993K, committed 3072K, reserved 1048576K
Event: 4.400 GC heap after
Heap after GC invocations=5 (full 1):
 PSYoungGen      total 57344K, used 0K [0x00000000e0000000, 0x00000000e4000000, 0x0000000100000000)
  eden space 49152K, 0% used [0x00000000e0000000,0x00000000e0000000,0x00000000e3000000)
  from space 8192K, 0% used [0x00000000e3800000,0x00000000e3800000,0x00000000e4000000)
  to   space 8192K, 0% used [0x00000000e3000000,0x00000000e3000000,0x00000000e3800000)
 ParOldGen       total 83968K, used 9036K [0x00000000a0000000, 0x00000000a5200000, 0x00000000e0000000)
  object space 83968K, 10% used [0x00000000a0000000,0x00000000a08d33b0,0x00000000a5200000)
 Metaspace       used 20719K, capacity 21026K, committed 21248K, reserved 1067008K
  class space    used 2844K, capacity 2993K, committed 3072K, reserved 1048576K
}
Event: 5.957 GC heap before
{Heap before GC invocations=6 (full 1):
 PSYoungGen      total 57344K, used 49152K [0x00000000e0000000, 0x00000000e4000000, 0x0000000100000000)
  eden space 49152K, 100% used [0x00000000e0000000,0x00000000e3000000,0x00000000e3000000)
  from space 8192K, 0% used [0x00000000e3800000,0x00000000e3800000,0x00000000e4000000)
  to   space 8192K, 0% used [0x00000000e3000000,0x00000000e3000000,0x00000000e3800000)
 ParOldGen       total 83968K, used 9036K [0x00000000a0000000, 0x00000000a5200000, 0x00000000e0000000)
  object space 83968K, 10% used [0x00000000a0000000,0x00000000a08d33b0,0x00000000a5200000)
 Metaspace       used 26702K, capacity 27092K, committed 27392K, reserved 1073152K
  class space    used 3627K, capacity 3797K, committed 3840K, reserved 1048576K
Event: 5.965 GC heap after
Heap after GC invocations=6 (full 1):
 PSYoungGen      total 57344K, used 6214K [0x00000000e0000000, 0x00000000e5e80000, 0x0000000100000000)
  eden space 49152K, 0% used [0x00000000e0000000,0x00000000e0000000,0x00000000e3000000)
  from space 8192K, 75% used [0x00000000e3000000,0x00000000e3611888,0x00000000e3800000)
  to   space 11776K, 0% used [0x00000000e5300000,0x00000000e5300000,0x00000000e5e80000)
 ParOldGen       total 83968K, used 9044K [0x00000000a0000000, 0x00000000a5200000, 0x00000000e0000000)
  object space 83968K, 10% used [0x00000000a0000000,0x00000000a08d53b0,0x00000000a5200000)
 Metaspace       used 26702K, capacity 27092K, committed 27392K, reserved 1073152K
  class space    used 3627K, capacity 3797K, committed 3840K, reserved 1048576K
}
Event: 6.668 GC heap before
{Heap before GC invocations=7 (full 1):
 PSYoungGen      total 57344K, used 55366K [0x00000000e0000000, 0x00000000e5e80000, 0x0000000100000000)
  eden space 49152K, 100% used [0x00000000e0000000,0x00000000e3000000,0x00000000e3000000)
  from space 8192K, 75% used [0x00000000e3000000,0x00000000e3611888,0x00000000e3800000)
  to   space 11776K, 0% used [0x00000000e5300000,0x00000000e5300000,0x00000000e5e80000)
 ParOldGen       total 83968K, used 9044K [0x00000000a0000000, 0x00000000a5200000, 0x00000000e0000000)
  object space 83968K, 10% used [0x00000000a0000000,0x00000000a08d53b0,0x00000000a5200000)
 Metaspace       used 29624K, capacity 29988K, committed 30336K, reserved 1075200K
  class space    used 4021K, capacity 4163K, committed 4224K, reserved 1048576K
Event: 6.679 GC heap after
Heap after GC invocations=7 (full 1):
 PSYoungGen      total 84992K, used 6483K [0x00000000e0000000, 0x00000000e5e00000, 0x0000000100000000)
  eden space 73728K, 0% used [0x00000000e0000000,0x00000000e0000000,0x00000000e4800000)
  from space 11264K, 57% used [0x00000000e5300000,0x00000000e5954cf0,0x00000000e5e00000)
  to   space 11264K, 0% used [0x00000000e4800000,0x00000000e4800000,0x00000000e5300000)
 ParOldGen       total 83968K, used 9052K [0x00000000a0000000, 0x00000000a5200000, 0x00000000e0000000)
  object space 83968K, 10% used [0x00000000a0000000,0x00000000a08d73b0,0x00000000a5200000)
 Metaspace       used 29624K, capacity 29988K, committed 30336K, reserved 1075200K
  class space    used 4021K, capacity 4163K, committed 4224K, reserved 1048576K
}

Deoptimization events (10 events):
Event: 8.074 Thread 0x000000001934f000 Uncommon trap: reason=unstable_if action=reinterpret pc=0x000000000320919c method=org.codehaus.groovy.runtime.metaclass.MetaMethodIndex.addMethodToList(Ljava/lang/Object;Lgroovy/lang/MetaMethod;)Ljava/lang/Object; @ 226
Event: 8.088 Thread 0x000000001934f000 Uncommon trap: reason=class_check action=maybe_recompile pc=0x0000000002ed50c0 method=java.lang.Throwable.<init>(Ljava/lang/String;Ljava/lang/Throwable;)V @ 24
Event: 8.108 Thread 0x000000001934f000 Uncommon trap: reason=class_check action=maybe_recompile pc=0x0000000002dc0350 method=org.gradle.internal.logging.text.AbstractLineChoppingStyledTextOutput$StateContext.flushLineText()V @ 110
Event: 8.110 Thread 0x000000001934f000 Uncommon trap: reason=class_check action=maybe_recompile pc=0x0000000002dc0350 method=org.gradle.internal.logging.text.AbstractLineChoppingStyledTextOutput$StateContext.flushLineText()V @ 110
Event: 8.110 Thread 0x000000001934f000 Uncommon trap: reason=class_check action=maybe_recompile pc=0x0000000002dc0350 method=org.gradle.internal.logging.text.AbstractLineChoppingStyledTextOutput$StateContext.flushLineText()V @ 110
Event: 8.110 Thread 0x000000001934f000 Uncommon trap: reason=class_check action=maybe_recompile pc=0x0000000002dc0350 method=org.gradle.internal.logging.text.AbstractLineChoppingStyledTextOutput$StateContext.flushLineText()V @ 110
Event: 8.147 Thread 0x000000001934f000 Uncommon trap: reason=class_check action=maybe_recompile pc=0x0000000002ae1f68 method=java.lang.String.equals(Ljava/lang/Object;)Z @ 8
Event: 8.147 Thread 0x000000001934f000 Uncommon trap: reason=class_check action=maybe_recompile pc=0x0000000002ae1f68 method=java.lang.String.equals(Ljava/lang/Object;)Z @ 8
Event: 8.147 Thread 0x000000001934f000 Uncommon trap: reason=class_check action=maybe_recompile pc=0x0000000002ae1f68 method=java.lang.String.equals(Ljava/lang/Object;)Z @ 8
Event: 8.147 Thread 0x000000001934f000 Uncommon trap: reason=class_check action=maybe_recompile pc=0x0000000002ae1f68 method=java.lang.String.equals(Ljava/lang/Object;)Z @ 8

Classes redefined (0 events):
No events

Internal exceptions (10 events):
Event: 6.868 Thread 0x000000001934f000 Exception <a 'java/lang/ClassNotFoundException': org/gradle/api/internal/artifacts/dsl/dependencies/DefaultDependencyHandlerBeanInfo> (0x00000000e0b458f0) thrown at [D:\src\AOSP-openjdk-cygwin\jdk8u\hotspot\src\share\vm\classfile\systemDictionary.cpp, lin
Event: 6.869 Thread 0x000000001934f000 Exception <a 'java/lang/ClassNotFoundException': org/gradle/api/internal/artifacts/dsl/dependencies/DefaultDependencyHandlerCustomizer> (0x00000000e0b9a4c0) thrown at [D:\src\AOSP-openjdk-cygwin\jdk8u\hotspot\src\share\vm\classfile\systemDictionary.cpp, l
Event: 6.872 Thread 0x000000001934f000 Exception <a 'java/lang/ClassNotFoundException': org/gradle/api/internal/artifacts/dsl/dependencies/DefaultDependencyHandler_DecoratedCustomizer> (0x00000000e0c1cec0) thrown at [D:\src\AOSP-openjdk-cygwin\jdk8u\hotspot\src\share\vm\classfile\systemDiction
Event: 8.067 Thread 0x000000001934f000 Exception <a 'java/lang/ClassNotFoundException': build_9d7bj6pkep6vmpkz1db2rhjjkBeanInfo> (0x00000000e3bc0f88) thrown at [D:\src\AOSP-openjdk-cygwin\jdk8u\hotspot\src\share\vm\classfile\systemDictionary.cpp, line 210]
Event: 8.067 Thread 0x000000001934f000 Exception <a 'java/lang/ClassNotFoundException': build_9d7bj6pkep6vmpkz1db2rhjjkCustomizer> (0x00000000e3bcc150) thrown at [D:\src\AOSP-openjdk-cygwin\jdk8u\hotspot\src\share\vm\classfile\systemDictionary.cpp, line 210]
Event: 8.088 Thread 0x000000001934f000 Exception <a 'java/lang/OutOfMemoryError'> (0x00000000e3cc4da8) thrown at [D:\src\AOSP-openjdk-cygwin\jdk8u\hotspot\src\share\vm\prims\jni.cpp, line 736]
Event: 8.088 Thread 0x000000001934f000 Exception <a 'java/lang/OutOfMemoryError'> (0x00000000e3cc4da8) thrown at [D:\src\AOSP-openjdk-cygwin\jdk8u\hotspot\src\share\vm\prims\jvm.cpp, line 1506]
Event: 8.088 Thread 0x000000001934f000 Exception <a 'java/lang/OutOfMemoryError'> (0x00000000e3cc4da8) thrown at [D:\src\AOSP-openjdk-cygwin\jdk8u\hotspot\src\share\vm\prims\jvm.cpp, line 1506]
Event: 8.088 Thread 0x000000001934f000 Exception <a 'java/lang/OutOfMemoryError'> (0x00000000e3cc4da8) thrown at [D:\src\AOSP-openjdk-cygwin\jdk8u\hotspot\src\share\vm\prims\jvm.cpp, line 1506]
Event: 8.088 Thread 0x000000001934f000 Exception <a 'java/lang/OutOfMemoryError'> (0x00000000e3cc4da8) thrown at [D:\src\AOSP-openjdk-cygwin\jdk8u\hotspot\src\share\vm\prims\jvm.cpp, line 1506]

Events (10 events):
Event: 8.410 loading class com/google/common/cache/LocalCache$HashIterator done
Event: 8.410 Thread 0x000000001bc38000 Thread exited: 0x000000001bc38000
Event: 8.412 loading class com/google/common/cache/LocalCache$WriteThroughEntry
Event: 8.412 loading class com/google/common/cache/LocalCache$WriteThroughEntry done
Event: 8.422 Thread 0x00000000196af800 Thread exited: 0x00000000196af800
Event: 8.426 Thread 0x00000000196ab000 Thread exited: 0x00000000196ab000
Event: 8.426 loading class org/gradle/launcher/daemon/server/health/gc/DefaultSlidingWindow
Event: 8.426 loading class org/gradle/launcher/daemon/server/health/gc/DefaultSlidingWindow done
Event: 8.427 loading class java/util/concurrent/LinkedBlockingDeque
Event: 8.428 loading class java/util/concurrent/BlockingDeque


Dynamic libraries:
0x00007ff615e60000 - 0x00007ff615e91000 	C:\Program Files\Android\Android Studio\jre\bin\java.exe
0x00007ffec66a0000 - 0x00007ffec6890000 	C:\WINDOWS\SYSTEM32\ntdll.dll
0x00007ffec4c80000 - 0x00007ffec4d32000 	C:\WINDOWS\System32\KERNEL32.DLL
0x00007ffec4440000 - 0x00007ffec46e3000 	C:\WINDOWS\System32\KERNELBASE.dll
0x00007ffec5790000 - 0x00007ffec5833000 	C:\WINDOWS\System32\ADVAPI32.dll
0x00007ffec58f0000 - 0x00007ffec598e000 	C:\WINDOWS\System32\msvcrt.dll
0x00007ffec4750000 - 0x00007ffec47e7000 	C:\WINDOWS\System32\sechost.dll
0x00007ffec5610000 - 0x00007ffec5730000 	C:\WINDOWS\System32\RPCRT4.dll
0x00007ffec5c60000 - 0x00007ffec5df4000 	C:\WINDOWS\System32\USER32.dll
0x00007ffec36d0000 - 0x00007ffec36f1000 	C:\WINDOWS\System32\win32u.dll
0x00007ffec5e00000 - 0x00007ffec5e26000 	C:\WINDOWS\System32\GDI32.dll
0x00007ffec42a0000 - 0x00007ffec4434000 	C:\WINDOWS\System32\gdi32full.dll
0x00007ffec3630000 - 0x00007ffec36ce000 	C:\WINDOWS\System32\msvcp_win.dll
0x00007ffec38c0000 - 0x00007ffec39ba000 	C:\WINDOWS\System32\ucrtbase.dll
0x00007ffeb3ac0000 - 0x00007ffeb3d45000 	C:\WINDOWS\WinSxS\amd64_microsoft.windows.common-controls_6595b64144ccf1df_6.0.18362.778_none_e6c6b761130d4fb8\COMCTL32.dll
0x00007ffec47f0000 - 0x00007ffec4b26000 	C:\WINDOWS\System32\combase.dll
0x00007ffec4220000 - 0x00007ffec42a0000 	C:\WINDOWS\System32\bcryptPrimitives.dll
0x00007ffec5840000 - 0x00007ffec586e000 	C:\WINDOWS\System32\IMM32.DLL
0x00000000712d0000 - 0x00000000713a2000 	C:\Program Files\Android\Android Studio\jre\jre\bin\msvcr100.dll
0x0000000071730000 - 0x0000000071f76000 	C:\Program Files\Android\Android Studio\jre\jre\bin\server\jvm.dll
0x00007ffec5600000 - 0x00007ffec5608000 	C:\WINDOWS\System32\PSAPI.DLL
0x00007ffec0060000 - 0x00007ffec0069000 	C:\WINDOWS\SYSTEM32\WSOCK32.dll
0x00007ffebdfe0000 - 0x00007ffebe004000 	C:\WINDOWS\SYSTEM32\WINMM.dll
0x00007ffeb74d0000 - 0x00007ffeb74da000 	C:\WINDOWS\SYSTEM32\VERSION.dll
0x00007ffec5990000 - 0x00007ffec59ff000 	C:\WINDOWS\System32\WS2_32.dll
0x00007ffebdf50000 - 0x00007ffebdf7d000 	C:\WINDOWS\SYSTEM32\winmmbase.dll
0x00007ffec3720000 - 0x00007ffec376a000 	C:\WINDOWS\System32\cfgmgr32.dll
0x00007ffec0310000 - 0x00007ffec031f000 	C:\Program Files\Android\Android Studio\jre\jre\bin\verify.dll
0x00007ffec0280000 - 0x00007ffec02a9000 	C:\Program Files\Android\Android Studio\jre\jre\bin\java.dll
0x00007ffec0260000 - 0x00007ffec0276000 	C:\Program Files\Android\Android Studio\jre\jre\bin\zip.dll
0x00007ffec5e30000 - 0x00007ffec6515000 	C:\WINDOWS\System32\SHELL32.dll
0x00007ffec5bb0000 - 0x00007ffec5c59000 	C:\WINDOWS\System32\shcore.dll
0x00007ffec3aa0000 - 0x00007ffec4220000 	C:\WINDOWS\System32\windows.storage.dll
0x00007ffec3600000 - 0x00007ffec3623000 	C:\WINDOWS\System32\profapi.dll
0x00007ffec3570000 - 0x00007ffec35ba000 	C:\WINDOWS\System32\powrprof.dll
0x00007ffec3560000 - 0x00007ffec3570000 	C:\WINDOWS\System32\UMPDC.dll
0x00007ffec4d40000 - 0x00007ffec4d92000 	C:\WINDOWS\System32\shlwapi.dll
0x00007ffec35e0000 - 0x00007ffec35f1000 	C:\WINDOWS\System32\kernel.appcore.dll
0x00007ffec3700000 - 0x00007ffec3717000 	C:\WINDOWS\System32\cryptsp.dll
0x00007ffec0220000 - 0x00007ffec023a000 	C:\Program Files\Android\Android Studio\jre\jre\bin\net.dll
0x00007ffeb4b60000 - 0x00007ffeb4d35000 	C:\WINDOWS\SYSTEM32\urlmon.dll
0x00007ffeb50b0000 - 0x00007ffeb5356000 	C:\WINDOWS\SYSTEM32\iertutil.dll
0x00007ffec2fa0000 - 0x00007ffec2fac000 	C:\WINDOWS\SYSTEM32\CRYPTBASE.DLL
0x00007ffec2dd0000 - 0x00007ffec2e37000 	C:\WINDOWS\system32\mswsock.dll
0x00007ffebff80000 - 0x00007ffebff93000 	C:\Program Files\Android\Android Studio\jre\jre\bin\nio.dll
0x00007ffeb64d0000 - 0x00007ffeb64ee000 	C:\Users\Ali\.gradle\native\25\windows-amd64\native-platform.dll
0x00007ffec0300000 - 0x00007ffec030d000 	C:\Program Files\Android\Android Studio\jre\jre\bin\management.dll
0x00007ffec2940000 - 0x00007ffec2973000 	C:\WINDOWS\system32\rsaenh.dll
0x00007ffec3a70000 - 0x00007ffec3a96000 	C:\WINDOWS\System32\bcrypt.dll
0x00007ffec3450000 - 0x00007ffec3475000 	C:\WINDOWS\SYSTEM32\USERENV.dll
0x00007ffec2ae0000 - 0x00007ffec2b1a000 	C:\WINDOWS\SYSTEM32\IPHLPAPI.DLL
0x00007ffec5440000 - 0x00007ffec5448000 	C:\WINDOWS\System32\NSI.dll
0x00007ffeb94f0000 - 0x00007ffeb9506000 	C:\WINDOWS\SYSTEM32\dhcpcsvc6.DLL
0x00007ffebb1f0000 - 0x00007ffebb20c000 	C:\WINDOWS\SYSTEM32\dhcpcsvc.DLL
0x00007ffec2b20000 - 0x00007ffec2bea000 	C:\WINDOWS\SYSTEM32\DNSAPI.dll

VM Arguments:
jvm_args: -Xmx1536m -Dfile.encoding=windows-1256 -Duser.country=US -Duser.language=en -Duser.variant 
java_command: org.gradle.launcher.daemon.bootstrap.GradleDaemon 5.1.1
java_class_path (initial): C:\Users\Ali\.gradle\wrapper\dists\gradle-5.1.1-all\97z1ksx6lirer3kbvdnh7jtjg\gradle-5.1.1\lib\gradle-launcher-5.1.1.jar
Launcher Type: SUN_STANDARD

Environment Variables:
PATH=C:\WINDOWS\system32;C:\WINDOWS;C:\WINDOWS\System32\Wbem;C:\WINDOWS\System32\WindowsPowerShell\v1.0\;C:\WINDOWS\System32\OpenSSH\;C:\Program Files\Git\cmd;C:\Program Files\nodejs\;C:\Users\Ali\AppData\Local\Microsoft\WindowsApps;C:\Users\Ali\AppData\Roaming\npm;C:\Users\Ali\AppData\Local\GitHubDesktop\bin
USERNAME=Ali
OS=Windows_NT
PROCESSOR_IDENTIFIER=Intel64 Family 6 Model 60 Stepping 3, GenuineIntel



---------------  S Y S T E M  ---------------

OS: Windows 10.0 , 64 bit Build 18362 (10.0.18362.778)

CPU:total 4 (initial active 4) (2 cores per cpu, 2 threads per core) family 6 model 60 stepping 3, cmov, cx8, fxsr, mmx, sse, sse2, sse3, ssse3, sse4.1, sse4.2, popcnt, avx, avx2, clmul, erms, lzcnt, ht, tsc, tscinvbit, bmi1, bmi2

Memory: 4k page, physical 12493080k(463152k free), swap 25058708k(6524k free)

vm_info: OpenJDK 64-Bit Server VM (25.212-b04) for windows-amd64 JRE (1.8.0_212-release-1586-b04), built by "builder" with MS VC++ 10.0 (VS2010)

time: Sun May 31 15:05:16 2020
timezone: Iran Daylight Time
elapsed time: 8 seconds (0d 0h 0m 8s)

